[debug] [2022-10-23T18:44:10.124Z] ----------------------------------------------------------------------
[debug] [2022-10-23T18:44:10.129Z] Command:       C:\Program Files\nodejs\node.exe C:\Users\Gueguen\AppData\Roaming\npm\node_modules\firebase-tools\lib\bin\firebase.js init
[debug] [2022-10-23T18:44:10.130Z] CLI Version:   11.15.0
[debug] [2022-10-23T18:44:10.131Z] Platform:      win32
[debug] [2022-10-23T18:44:10.131Z] Node Version:  v18.8.0
[debug] [2022-10-23T18:44:10.135Z] Time:          Sun Oct 23 2022 20:44:10 GMT+0200 (heure d’été d’Europe centrale)
[debug] [2022-10-23T18:44:10.138Z] ----------------------------------------------------------------------
[debug] 
[debug] [2022-10-23T18:44:10.377Z] > command requires scopes: ["email","openid","https://www.googleapis.com/auth/cloudplatformprojects.readonly","https://www.googleapis.com/auth/firebase","https://www.googleapis.com/auth/cloud-platform"]
[debug] [2022-10-23T18:44:10.380Z] > authorizing via signed-in user (gege83var83@gmail.com)
[info] 
     ######## #### ########  ######## ########     ###     ######  ########
     ##        ##  ##     ## ##       ##     ##  ##   ##  ##       ##
     ######    ##  ########  ######   ########  #########  ######  ######
     ##        ##  ##    ##  ##       ##     ## ##     ##       ## ##
     ##       #### ##     ## ######## ########  ##     ##  ######  ########

You're about to initialize a Firebase project in this directory:

  C:\Users\Gueguen\Desktop\Code\Discord\GGxplorer_Discord

Before we get started, keep in mind:

  * You are initializing within an existing Firebase project directory

[info] 
=== Project Setup
[info] 
[info] First, let's associate this project directory with a Firebase project.
[info] You can create multiple project aliases by running firebase use --add, 
[info] but for now we'll just set up a default project.
[info] 
[debug] [2022-10-23T18:44:18.208Z] Using project from CLI flag: capscan-fe403
[debug] [2022-10-23T18:44:18.212Z] >>> [apiv2][query] GET https://firebase.googleapis.com/v1beta1/projects/capscan-fe403 [none]
[debug] [2022-10-23T18:44:26.075Z] <<< [apiv2][status] GET https://firebase.googleapis.com/v1beta1/projects/capscan-fe403 403
[debug] [2022-10-23T18:44:26.076Z] <<< [apiv2][body] GET https://firebase.googleapis.com/v1beta1/projects/capscan-fe403 {"error":{"code":403,"message":"The caller does not have permission","status":"PERMISSION_DENIED"}}
[debug] [2022-10-23T18:44:26.076Z] HTTP Error: 403, The caller does not have permission
[debug] [2022-10-23T18:44:26.079Z] FirebaseError: HTTP Error: 403, The caller does not have permission
    at responseToError (C:\Users\Gueguen\AppData\Roaming\npm\node_modules\firebase-tools\lib\responseToError.js:49:12)
    at RetryOperation._fn (C:\Users\Gueguen\AppData\Roaming\npm\node_modules\firebase-tools\lib\apiv2.js:288:77)
    at process.processTicksAndRejections (node:internal/process/task_queues:95:5)
[error] 
[error] Error: Failed to get Firebase project capscan-fe403. Please make sure the project exists and your account has permission to access it.
